******************************************************************************
           Version 1.0.0

Added Some Cheat :

****Player Cheats*****************

God Mode

Aimbot Multiplayer Free

Aimbot Multiplayer Ranked

Aimbot Terrorist Hunt

Aimbot Situations

Unlimited Ammo Multiplayer Free

Unlimited Ammo Multiplayer Ranked

Unlimited Ammo Terrorist Hunt

Unlimited Ammo Situations

********************************


*******Operators Cheat***************

Unlock All Skins for Ash

Unlock All Skins for Glaz

Unlock All Skins for Buck

Unlock All Skins for BlackBeard

Unlock All Skins for Twitch

Unlock All Skins for Blitz

Unlock All Skins for Mute

Unlock All Skins for Pulse

Unlock All Skins for Kapkan

Unlock All Skins for Valkirye

Unlock All Skins for Thermite

Unlock All Skins for Castle

Unlock All Skins for Rook

Unlock All Skins for Frost

Unlock All Skins for Vigil

Unlock All Skins for Dokkaebi

Unlock All Skins for Bandit

Unlock All Skins for Zofia

Unlock All Skins for Ela

Unlock All Skins for Jager

Unlock All Skins for IQ

Unlock All Skins for Montagne

Unlock All Skins for Doc

Unlock All Skins for Thachanka

Unlock All Skins for Fuze

Unlock All Skins for Tatcher

Unlock All Skins for Sledge

Unlock All Skins for Smoke

Unlock All Skins for Lesion

Unlock All Skins for Ying

Unlock All Skins for Mira

Unlock All Skins for Jackal

Unlock All Skins for Hibana

Unlock All Skins for Echo

*********************************************


************* Money $ Cheats ****************

Add 1000 points

Add 10000 points

Add 100000 points

Add 1000000 points

Add 100000000 points

Add 1000 R6 points

Add 2500 R6 points

Add 4000 R6 points

Add 10000 R6 points

************************************************


*************** Level Cheats *******************

Reach level 10

Reach level 20

Reach level 30

Reach level 40

Reach level 50

Reach level 60

Reach level 70

Reach level 80

Reach level 90

Reach level 100

Reach level 150

Reach level 200

****************************************************************************
